<?xml version="1.0" encoding="UTF-8"?>
<testsuite xmlns:xsi="http://www.w3.org/2001/XMLSchema-instance" xsi:noNamespaceSchemaLocation="https://maven.apache.org/surefire/maven-surefire-plugin/xsd/surefire-test-report.xsd" name="com.example.SsmApplicationTests" time="6.009" tests="1" errors="0" skipped="0" failures="0">
  <properties>
    <property name="java.specification.version" value="18"/>
    <property name="sun.cpu.isalist" value="amd64"/>
    <property name="sun.jnu.encoding" value="GBK"/>
    <property name="java.class.path" value="D:\ideaProject\human--resource--management\target\test-classes;D:\ideaProject\human--resource--management\target\classes;D:\develop\apache-maven-3.6.1\mvn_repo\org\springframework\boot\spring-boot-starter-web\2.7.11\spring-boot-starter-web-2.7.11.jar;D:\develop\apache-maven-3.6.1\mvn_repo\org\springframework\boot\spring-boot-starter\2.7.11\spring-boot-starter-2.7.11.jar;D:\develop\apache-maven-3.6.1\mvn_repo\org\springframework\boot\spring-boot\2.7.11\spring-boot-2.7.11.jar;D:\develop\apache-maven-3.6.1\mvn_repo\org\springframework\boot\spring-boot-starter-logging\2.7.11\spring-boot-starter-logging-2.7.11.jar;D:\develop\apache-maven-3.6.1\mvn_repo\ch\qos\logback\logback-classic\1.2.12\logback-classic-1.2.12.jar;D:\develop\apache-maven-3.6.1\mvn_repo\ch\qos\logback\logback-core\1.2.12\logback-core-1.2.12.jar;D:\develop\apache-maven-3.6.1\mvn_repo\org\apache\logging\log4j\log4j-to-slf4j\2.17.2\log4j-to-slf4j-2.17.2.jar;D:\develop\apache-maven-3.6.1\mvn_repo\org\apache\logging\log4j\log4j-api\2.17.2\log4j-api-2.17.2.jar;D:\develop\apache-maven-3.6.1\mvn_repo\org\slf4j\jul-to-slf4j\1.7.36\jul-to-slf4j-1.7.36.jar;D:\develop\apache-maven-3.6.1\mvn_repo\jakarta\annotation\jakarta.annotation-api\1.3.5\jakarta.annotation-api-1.3.5.jar;D:\develop\apache-maven-3.6.1\mvn_repo\org\yaml\snakeyaml\1.30\snakeyaml-1.30.jar;D:\develop\apache-maven-3.6.1\mvn_repo\org\springframework\boot\spring-boot-starter-json\2.7.11\spring-boot-starter-json-2.7.11.jar;D:\develop\apache-maven-3.6.1\mvn_repo\com\fasterxml\jackson\datatype\jackson-datatype-jdk8\2.13.5\jackson-datatype-jdk8-2.13.5.jar;D:\develop\apache-maven-3.6.1\mvn_repo\com\fasterxml\jackson\datatype\jackson-datatype-jsr310\2.13.5\jackson-datatype-jsr310-2.13.5.jar;D:\develop\apache-maven-3.6.1\mvn_repo\com\fasterxml\jackson\module\jackson-module-parameter-names\2.13.5\jackson-module-parameter-names-2.13.5.jar;D:\develop\apache-maven-3.6.1\mvn_repo\org\springframework\boot\spring-boot-starter-tomcat\2.7.11\spring-boot-starter-tomcat-2.7.11.jar;D:\develop\apache-maven-3.6.1\mvn_repo\org\apache\tomcat\embed\tomcat-embed-websocket\9.0.74\tomcat-embed-websocket-9.0.74.jar;D:\develop\apache-maven-3.6.1\mvn_repo\org\springframework\spring-web\5.3.27\spring-web-5.3.27.jar;D:\develop\apache-maven-3.6.1\mvn_repo\org\springframework\spring-beans\5.3.27\spring-beans-5.3.27.jar;D:\develop\apache-maven-3.6.1\mvn_repo\org\springframework\spring-webmvc\5.3.27\spring-webmvc-5.3.27.jar;D:\develop\apache-maven-3.6.1\mvn_repo\org\springframework\spring-aop\5.3.27\spring-aop-5.3.27.jar;D:\develop\apache-maven-3.6.1\mvn_repo\org\springframework\spring-context\5.3.27\spring-context-5.3.27.jar;D:\develop\apache-maven-3.6.1\mvn_repo\org\springframework\spring-expression\5.3.27\spring-expression-5.3.27.jar;D:\develop\apache-maven-3.6.1\mvn_repo\com\mysql\mysql-connector-j\8.0.33\mysql-connector-j-8.0.33.jar;D:\develop\apache-maven-3.6.1\mvn_repo\com\alibaba\druid-spring-boot-starter\1.1.23\druid-spring-boot-starter-1.1.23.jar;D:\develop\apache-maven-3.6.1\mvn_repo\com\alibaba\druid\1.1.23\druid-1.1.23.jar;D:\develop\apache-maven-3.6.1\mvn_repo\org\slf4j\slf4j-api\1.7.36\slf4j-api-1.7.36.jar;D:\develop\apache-maven-3.6.1\mvn_repo\org\springframework\boot\spring-boot-autoconfigure\2.7.11\spring-boot-autoconfigure-2.7.11.jar;D:\develop\apache-maven-3.6.1\mvn_repo\org\projectlombok\lombok\1.18.20\lombok-1.18.20.jar;D:\develop\apache-maven-3.6.1\mvn_repo\org\springframework\boot\spring-boot-starter-test\2.7.11\spring-boot-starter-test-2.7.11.jar;D:\develop\apache-maven-3.6.1\mvn_repo\org\springframework\boot\spring-boot-test\2.7.11\spring-boot-test-2.7.11.jar;D:\develop\apache-maven-3.6.1\mvn_repo\org\springframework\boot\spring-boot-test-autoconfigure\2.7.11\spring-boot-test-autoconfigure-2.7.11.jar;D:\develop\apache-maven-3.6.1\mvn_repo\com\jayway\jsonpath\json-path\2.7.0\json-path-2.7.0.jar;D:\develop\apache-maven-3.6.1\mvn_repo\net\minidev\json-smart\2.4.10\json-smart-2.4.10.jar;D:\develop\apache-maven-3.6.1\mvn_repo\net\minidev\accessors-smart\2.4.9\accessors-smart-2.4.9.jar;D:\develop\apache-maven-3.6.1\mvn_repo\org\ow2\asm\asm\9.3\asm-9.3.jar;D:\develop\apache-maven-3.6.1\mvn_repo\jakarta\xml\bind\jakarta.xml.bind-api\2.3.3\jakarta.xml.bind-api-2.3.3.jar;D:\develop\apache-maven-3.6.1\mvn_repo\jakarta\activation\jakarta.activation-api\1.2.2\jakarta.activation-api-1.2.2.jar;D:\develop\apache-maven-3.6.1\mvn_repo\org\assertj\assertj-core\3.22.0\assertj-core-3.22.0.jar;D:\develop\apache-maven-3.6.1\mvn_repo\org\hamcrest\hamcrest\2.2\hamcrest-2.2.jar;D:\develop\apache-maven-3.6.1\mvn_repo\org\junit\jupiter\junit-jupiter\5.8.2\junit-jupiter-5.8.2.jar;D:\develop\apache-maven-3.6.1\mvn_repo\org\junit\jupiter\junit-jupiter-api\5.8.2\junit-jupiter-api-5.8.2.jar;D:\develop\apache-maven-3.6.1\mvn_repo\org\opentest4j\opentest4j\1.2.0\opentest4j-1.2.0.jar;D:\develop\apache-maven-3.6.1\mvn_repo\org\junit\platform\junit-platform-commons\1.8.2\junit-platform-commons-1.8.2.jar;D:\develop\apache-maven-3.6.1\mvn_repo\org\apiguardian\apiguardian-api\1.1.2\apiguardian-api-1.1.2.jar;D:\develop\apache-maven-3.6.1\mvn_repo\org\junit\jupiter\junit-jupiter-params\5.8.2\junit-jupiter-params-5.8.2.jar;D:\develop\apache-maven-3.6.1\mvn_repo\org\junit\jupiter\junit-jupiter-engine\5.8.2\junit-jupiter-engine-5.8.2.jar;D:\develop\apache-maven-3.6.1\mvn_repo\org\junit\platform\junit-platform-engine\1.8.2\junit-platform-engine-1.8.2.jar;D:\develop\apache-maven-3.6.1\mvn_repo\org\mockito\mockito-core\4.5.1\mockito-core-4.5.1.jar;D:\develop\apache-maven-3.6.1\mvn_repo\net\bytebuddy\byte-buddy\1.12.23\byte-buddy-1.12.23.jar;D:\develop\apache-maven-3.6.1\mvn_repo\net\bytebuddy\byte-buddy-agent\1.12.23\byte-buddy-agent-1.12.23.jar;D:\develop\apache-maven-3.6.1\mvn_repo\org\objenesis\objenesis\3.2\objenesis-3.2.jar;D:\develop\apache-maven-3.6.1\mvn_repo\org\mockito\mockito-junit-jupiter\4.5.1\mockito-junit-jupiter-4.5.1.jar;D:\develop\apache-maven-3.6.1\mvn_repo\org\skyscreamer\jsonassert\1.5.1\jsonassert-1.5.1.jar;D:\develop\apache-maven-3.6.1\mvn_repo\com\vaadin\external\google\android-json\0.0.20131108.vaadin1\android-json-0.0.20131108.vaadin1.jar;D:\develop\apache-maven-3.6.1\mvn_repo\org\springframework\spring-core\5.3.27\spring-core-5.3.27.jar;D:\develop\apache-maven-3.6.1\mvn_repo\org\springframework\spring-jcl\5.3.27\spring-jcl-5.3.27.jar;D:\develop\apache-maven-3.6.1\mvn_repo\org\springframework\spring-test\5.3.27\spring-test-5.3.27.jar;D:\develop\apache-maven-3.6.1\mvn_repo\org\xmlunit\xmlunit-core\2.9.1\xmlunit-core-2.9.1.jar;D:\develop\apache-maven-3.6.1\mvn_repo\com\baomidou\mybatis-plus-boot-starter\3.4.2\mybatis-plus-boot-starter-3.4.2.jar;D:\develop\apache-maven-3.6.1\mvn_repo\com\baomidou\mybatis-plus\3.4.2\mybatis-plus-3.4.2.jar;D:\develop\apache-maven-3.6.1\mvn_repo\com\baomidou\mybatis-plus-extension\3.4.2\mybatis-plus-extension-3.4.2.jar;D:\develop\apache-maven-3.6.1\mvn_repo\com\baomidou\mybatis-plus-core\3.4.2\mybatis-plus-core-3.4.2.jar;D:\develop\apache-maven-3.6.1\mvn_repo\com\baomidou\mybatis-plus-annotation\3.4.2\mybatis-plus-annotation-3.4.2.jar;D:\develop\apache-maven-3.6.1\mvn_repo\com\github\jsqlparser\jsqlparser\4.0\jsqlparser-4.0.jar;D:\develop\apache-maven-3.6.1\mvn_repo\org\mybatis\mybatis\3.5.6\mybatis-3.5.6.jar;D:\develop\apache-maven-3.6.1\mvn_repo\org\mybatis\mybatis-spring\2.0.5\mybatis-spring-2.0.5.jar;D:\develop\apache-maven-3.6.1\mvn_repo\org\springframework\boot\spring-boot-starter-jdbc\2.7.11\spring-boot-starter-jdbc-2.7.11.jar;D:\develop\apache-maven-3.6.1\mvn_repo\com\zaxxer\HikariCP\4.0.3\HikariCP-4.0.3.jar;D:\develop\apache-maven-3.6.1\mvn_repo\org\springframework\spring-jdbc\5.3.27\spring-jdbc-5.3.27.jar;D:\develop\apache-maven-3.6.1\mvn_repo\com\alibaba\fastjson\1.2.76\fastjson-1.2.76.jar;D:\develop\apache-maven-3.6.1\mvn_repo\org\springframework\boot\spring-boot-starter-data-redis\2.7.11\spring-boot-starter-data-redis-2.7.11.jar;D:\develop\apache-maven-3.6.1\mvn_repo\org\springframework\data\spring-data-redis\2.7.11\spring-data-redis-2.7.11.jar;D:\develop\apache-maven-3.6.1\mvn_repo\org\springframework\data\spring-data-keyvalue\2.7.11\spring-data-keyvalue-2.7.11.jar;D:\develop\apache-maven-3.6.1\mvn_repo\org\springframework\spring-tx\5.3.27\spring-tx-5.3.27.jar;D:\develop\apache-maven-3.6.1\mvn_repo\org\springframework\spring-oxm\5.3.27\spring-oxm-5.3.27.jar;D:\develop\apache-maven-3.6.1\mvn_repo\org\springframework\spring-context-support\5.3.27\spring-context-support-5.3.27.jar;D:\develop\apache-maven-3.6.1\mvn_repo\io\lettuce\lettuce-core\6.1.10.RELEASE\lettuce-core-6.1.10.RELEASE.jar;D:\develop\apache-maven-3.6.1\mvn_repo\io\netty\netty-common\4.1.91.Final\netty-common-4.1.91.Final.jar;D:\develop\apache-maven-3.6.1\mvn_repo\io\netty\netty-handler\4.1.91.Final\netty-handler-4.1.91.Final.jar;D:\develop\apache-maven-3.6.1\mvn_repo\io\netty\netty-resolver\4.1.91.Final\netty-resolver-4.1.91.Final.jar;D:\develop\apache-maven-3.6.1\mvn_repo\io\netty\netty-buffer\4.1.91.Final\netty-buffer-4.1.91.Final.jar;D:\develop\apache-maven-3.6.1\mvn_repo\io\netty\netty-transport-native-unix-common\4.1.91.Final\netty-transport-native-unix-common-4.1.91.Final.jar;D:\develop\apache-maven-3.6.1\mvn_repo\io\netty\netty-codec\4.1.91.Final\netty-codec-4.1.91.Final.jar;D:\develop\apache-maven-3.6.1\mvn_repo\io\netty\netty-transport\4.1.91.Final\netty-transport-4.1.91.Final.jar;D:\develop\apache-maven-3.6.1\mvn_repo\io\projectreactor\reactor-core\3.4.29\reactor-core-3.4.29.jar;D:\develop\apache-maven-3.6.1\mvn_repo\org\reactivestreams\reactive-streams\1.0.4\reactive-streams-1.0.4.jar;D:\develop\apache-maven-3.6.1\mvn_repo\org\springframework\boot\spring-boot-starter-data-jpa\2.7.11\spring-boot-starter-data-jpa-2.7.11.jar;D:\develop\apache-maven-3.6.1\mvn_repo\org\springframework\boot\spring-boot-starter-aop\2.7.11\spring-boot-starter-aop-2.7.11.jar;D:\develop\apache-maven-3.6.1\mvn_repo\org\aspectj\aspectjweaver\1.9.7\aspectjweaver-1.9.7.jar;D:\develop\apache-maven-3.6.1\mvn_repo\jakarta\transaction\jakarta.transaction-api\1.3.3\jakarta.transaction-api-1.3.3.jar;D:\develop\apache-maven-3.6.1\mvn_repo\jakarta\persistence\jakarta.persistence-api\2.2.3\jakarta.persistence-api-2.2.3.jar;D:\develop\apache-maven-3.6.1\mvn_repo\org\hibernate\hibernate-core\5.6.15.Final\hibernate-core-5.6.15.Final.jar;D:\develop\apache-maven-3.6.1\mvn_repo\org\jboss\logging\jboss-logging\3.4.3.Final\jboss-logging-3.4.3.Final.jar;D:\develop\apache-maven-3.6.1\mvn_repo\antlr\antlr\2.7.7\antlr-2.7.7.jar;D:\develop\apache-maven-3.6.1\mvn_repo\org\jboss\jandex\2.4.2.Final\jandex-2.4.2.Final.jar;D:\develop\apache-maven-3.6.1\mvn_repo\com\fasterxml\classmate\1.5.1\classmate-1.5.1.jar;D:\develop\apache-maven-3.6.1\mvn_repo\org\hibernate\common\hibernate-commons-annotations\5.1.2.Final\hibernate-commons-annotations-5.1.2.Final.jar;D:\develop\apache-maven-3.6.1\mvn_repo\org\glassfish\jaxb\jaxb-runtime\2.3.8\jaxb-runtime-2.3.8.jar;D:\develop\apache-maven-3.6.1\mvn_repo\org\glassfish\jaxb\txw2\2.3.8\txw2-2.3.8.jar;D:\develop\apache-maven-3.6.1\mvn_repo\com\sun\istack\istack-commons-runtime\3.0.12\istack-commons-runtime-3.0.12.jar;D:\develop\apache-maven-3.6.1\mvn_repo\com\sun\activation\jakarta.activation\1.2.2\jakarta.activation-1.2.2.jar;D:\develop\apache-maven-3.6.1\mvn_repo\org\springframework\data\spring-data-jpa\2.7.11\spring-data-jpa-2.7.11.jar;D:\develop\apache-maven-3.6.1\mvn_repo\org\springframework\data\spring-data-commons\2.7.11\spring-data-commons-2.7.11.jar;D:\develop\apache-maven-3.6.1\mvn_repo\org\springframework\spring-orm\5.3.27\spring-orm-5.3.27.jar;D:\develop\apache-maven-3.6.1\mvn_repo\org\springframework\spring-aspects\5.3.27\spring-aspects-5.3.27.jar;D:\develop\apache-maven-3.6.1\mvn_repo\com\aliyun\aliyun-java-sdk-core\4.5.16\aliyun-java-sdk-core-4.5.16.jar;D:\develop\apache-maven-3.6.1\mvn_repo\com\google\code\gson\gson\2.9.1\gson-2.9.1.jar;D:\develop\apache-maven-3.6.1\mvn_repo\org\apache\httpcomponents\httpclient\4.5.14\httpclient-4.5.14.jar;D:\develop\apache-maven-3.6.1\mvn_repo\commons-codec\commons-codec\1.15\commons-codec-1.15.jar;D:\develop\apache-maven-3.6.1\mvn_repo\org\apache\httpcomponents\httpcore\4.4.16\httpcore-4.4.16.jar;D:\develop\apache-maven-3.6.1\mvn_repo\commons-logging\commons-logging\1.2\commons-logging-1.2.jar;D:\develop\apache-maven-3.6.1\mvn_repo\javax\xml\bind\jaxb-api\2.3.1\jaxb-api-2.3.1.jar;D:\develop\apache-maven-3.6.1\mvn_repo\javax\activation\javax.activation-api\1.2.0\javax.activation-api-1.2.0.jar;D:\develop\apache-maven-3.6.1\mvn_repo\org\jacoco\org.jacoco.agent\0.8.6\org.jacoco.agent-0.8.6-runtime.jar;D:\develop\apache-maven-3.6.1\mvn_repo\org\ini4j\ini4j\0.5.4\ini4j-0.5.4.jar;D:\develop\apache-maven-3.6.1\mvn_repo\io\opentracing\opentracing-api\0.33.0\opentracing-api-0.33.0.jar;D:\develop\apache-maven-3.6.1\mvn_repo\io\opentracing\opentracing-util\0.33.0\opentracing-util-0.33.0.jar;D:\develop\apache-maven-3.6.1\mvn_repo\io\opentracing\opentracing-noop\0.33.0\opentracing-noop-0.33.0.jar;D:\develop\apache-maven-3.6.1\mvn_repo\com\aliyun\aliyun-java-sdk-dysmsapi\2.1.0\aliyun-java-sdk-dysmsapi-2.1.0.jar;D:\develop\apache-maven-3.6.1\mvn_repo\commons-lang\commons-lang\2.6\commons-lang-2.6.jar;D:\develop\apache-maven-3.6.1\mvn_repo\io\jsonwebtoken\jjwt\0.9.0\jjwt-0.9.0.jar;D:\develop\apache-maven-3.6.1\mvn_repo\com\fasterxml\jackson\core\jackson-databind\2.13.5\jackson-databind-2.13.5.jar;D:\develop\apache-maven-3.6.1\mvn_repo\com\fasterxml\jackson\core\jackson-annotations\2.13.5\jackson-annotations-2.13.5.jar;D:\develop\apache-maven-3.6.1\mvn_repo\com\fasterxml\jackson\core\jackson-core\2.13.5\jackson-core-2.13.5.jar;D:\develop\apache-maven-3.6.1\mvn_repo\org\apache\tomcat\embed\tomcat-embed-jasper\9.0.74\tomcat-embed-jasper-9.0.74.jar;D:\develop\apache-maven-3.6.1\mvn_repo\org\apache\tomcat\embed\tomcat-embed-core\9.0.74\tomcat-embed-core-9.0.74.jar;D:\develop\apache-maven-3.6.1\mvn_repo\org\apache\tomcat\tomcat-annotations-api\9.0.74\tomcat-annotations-api-9.0.74.jar;D:\develop\apache-maven-3.6.1\mvn_repo\org\apache\tomcat\embed\tomcat-embed-el\9.0.74\tomcat-embed-el-9.0.74.jar;D:\develop\apache-maven-3.6.1\mvn_repo\org\eclipse\jdt\ecj\3.26.0\ecj-3.26.0.jar;D:\develop\apache-maven-3.6.1\mvn_repo\javax\servlet\jstl\1.2\jstl-1.2.jar;"/>
    <property name="java.vm.vendor" value="Oracle Corporation"/>
    <property name="sun.arch.data.model" value="64"/>
    <property name="user.variant" value=""/>
    <property name="java.vendor.url" value="https://java.oracle.com/"/>
    <property name="user.timezone" value="Asia/Shanghai"/>
    <property name="os.name" value="Windows 10"/>
    <property name="java.vm.specification.version" value="18"/>
    <property name="sun.java.launcher" value="SUN_STANDARD"/>
    <property name="user.country" value="CN"/>
    <property name="sun.boot.library.path" value="C:\Program Files\Java\jdk-18.0.2\bin"/>
    <property name="sun.java.command" value="C:\Users\HEYUFA~1\AppData\Local\Temp\surefire10634017657150779073\surefirebooter9805058468726913674.jar C:\Users\He yu fan\AppData\Local\Temp\surefire10634017657150779073 2024-11-20T11-43-40_057-jvmRun1 surefire11766533343277518638tmp surefire_01638339847724917049tmp"/>
    <property name="jdk.debug" value="release"/>
    <property name="surefire.test.class.path" value="D:\ideaProject\human--resource--management\target\test-classes;D:\ideaProject\human--resource--management\target\classes;D:\develop\apache-maven-3.6.1\mvn_repo\org\springframework\boot\spring-boot-starter-web\2.7.11\spring-boot-starter-web-2.7.11.jar;D:\develop\apache-maven-3.6.1\mvn_repo\org\springframework\boot\spring-boot-starter\2.7.11\spring-boot-starter-2.7.11.jar;D:\develop\apache-maven-3.6.1\mvn_repo\org\springframework\boot\spring-boot\2.7.11\spring-boot-2.7.11.jar;D:\develop\apache-maven-3.6.1\mvn_repo\org\springframework\boot\spring-boot-starter-logging\2.7.11\spring-boot-starter-logging-2.7.11.jar;D:\develop\apache-maven-3.6.1\mvn_repo\ch\qos\logback\logback-classic\1.2.12\logback-classic-1.2.12.jar;D:\develop\apache-maven-3.6.1\mvn_repo\ch\qos\logback\logback-core\1.2.12\logback-core-1.2.12.jar;D:\develop\apache-maven-3.6.1\mvn_repo\org\apache\logging\log4j\log4j-to-slf4j\2.17.2\log4j-to-slf4j-2.17.2.jar;D:\develop\apache-maven-3.6.1\mvn_repo\org\apache\logging\log4j\log4j-api\2.17.2\log4j-api-2.17.2.jar;D:\develop\apache-maven-3.6.1\mvn_repo\org\slf4j\jul-to-slf4j\1.7.36\jul-to-slf4j-1.7.36.jar;D:\develop\apache-maven-3.6.1\mvn_repo\jakarta\annotation\jakarta.annotation-api\1.3.5\jakarta.annotation-api-1.3.5.jar;D:\develop\apache-maven-3.6.1\mvn_repo\org\yaml\snakeyaml\1.30\snakeyaml-1.30.jar;D:\develop\apache-maven-3.6.1\mvn_repo\org\springframework\boot\spring-boot-starter-json\2.7.11\spring-boot-starter-json-2.7.11.jar;D:\develop\apache-maven-3.6.1\mvn_repo\com\fasterxml\jackson\datatype\jackson-datatype-jdk8\2.13.5\jackson-datatype-jdk8-2.13.5.jar;D:\develop\apache-maven-3.6.1\mvn_repo\com\fasterxml\jackson\datatype\jackson-datatype-jsr310\2.13.5\jackson-datatype-jsr310-2.13.5.jar;D:\develop\apache-maven-3.6.1\mvn_repo\com\fasterxml\jackson\module\jackson-module-parameter-names\2.13.5\jackson-module-parameter-names-2.13.5.jar;D:\develop\apache-maven-3.6.1\mvn_repo\org\springframework\boot\spring-boot-starter-tomcat\2.7.11\spring-boot-starter-tomcat-2.7.11.jar;D:\develop\apache-maven-3.6.1\mvn_repo\org\apache\tomcat\embed\tomcat-embed-websocket\9.0.74\tomcat-embed-websocket-9.0.74.jar;D:\develop\apache-maven-3.6.1\mvn_repo\org\springframework\spring-web\5.3.27\spring-web-5.3.27.jar;D:\develop\apache-maven-3.6.1\mvn_repo\org\springframework\spring-beans\5.3.27\spring-beans-5.3.27.jar;D:\develop\apache-maven-3.6.1\mvn_repo\org\springframework\spring-webmvc\5.3.27\spring-webmvc-5.3.27.jar;D:\develop\apache-maven-3.6.1\mvn_repo\org\springframework\spring-aop\5.3.27\spring-aop-5.3.27.jar;D:\develop\apache-maven-3.6.1\mvn_repo\org\springframework\spring-context\5.3.27\spring-context-5.3.27.jar;D:\develop\apache-maven-3.6.1\mvn_repo\org\springframework\spring-expression\5.3.27\spring-expression-5.3.27.jar;D:\develop\apache-maven-3.6.1\mvn_repo\com\mysql\mysql-connector-j\8.0.33\mysql-connector-j-8.0.33.jar;D:\develop\apache-maven-3.6.1\mvn_repo\com\alibaba\druid-spring-boot-starter\1.1.23\druid-spring-boot-starter-1.1.23.jar;D:\develop\apache-maven-3.6.1\mvn_repo\com\alibaba\druid\1.1.23\druid-1.1.23.jar;D:\develop\apache-maven-3.6.1\mvn_repo\org\slf4j\slf4j-api\1.7.36\slf4j-api-1.7.36.jar;D:\develop\apache-maven-3.6.1\mvn_repo\org\springframework\boot\spring-boot-autoconfigure\2.7.11\spring-boot-autoconfigure-2.7.11.jar;D:\develop\apache-maven-3.6.1\mvn_repo\org\projectlombok\lombok\1.18.20\lombok-1.18.20.jar;D:\develop\apache-maven-3.6.1\mvn_repo\org\springframework\boot\spring-boot-starter-test\2.7.11\spring-boot-starter-test-2.7.11.jar;D:\develop\apache-maven-3.6.1\mvn_repo\org\springframework\boot\spring-boot-test\2.7.11\spring-boot-test-2.7.11.jar;D:\develop\apache-maven-3.6.1\mvn_repo\org\springframework\boot\spring-boot-test-autoconfigure\2.7.11\spring-boot-test-autoconfigure-2.7.11.jar;D:\develop\apache-maven-3.6.1\mvn_repo\com\jayway\jsonpath\json-path\2.7.0\json-path-2.7.0.jar;D:\develop\apache-maven-3.6.1\mvn_repo\net\minidev\json-smart\2.4.10\json-smart-2.4.10.jar;D:\develop\apache-maven-3.6.1\mvn_repo\net\minidev\accessors-smart\2.4.9\accessors-smart-2.4.9.jar;D:\develop\apache-maven-3.6.1\mvn_repo\org\ow2\asm\asm\9.3\asm-9.3.jar;D:\develop\apache-maven-3.6.1\mvn_repo\jakarta\xml\bind\jakarta.xml.bind-api\2.3.3\jakarta.xml.bind-api-2.3.3.jar;D:\develop\apache-maven-3.6.1\mvn_repo\jakarta\activation\jakarta.activation-api\1.2.2\jakarta.activation-api-1.2.2.jar;D:\develop\apache-maven-3.6.1\mvn_repo\org\assertj\assertj-core\3.22.0\assertj-core-3.22.0.jar;D:\develop\apache-maven-3.6.1\mvn_repo\org\hamcrest\hamcrest\2.2\hamcrest-2.2.jar;D:\develop\apache-maven-3.6.1\mvn_repo\org\junit\jupiter\junit-jupiter\5.8.2\junit-jupiter-5.8.2.jar;D:\develop\apache-maven-3.6.1\mvn_repo\org\junit\jupiter\junit-jupiter-api\5.8.2\junit-jupiter-api-5.8.2.jar;D:\develop\apache-maven-3.6.1\mvn_repo\org\opentest4j\opentest4j\1.2.0\opentest4j-1.2.0.jar;D:\develop\apache-maven-3.6.1\mvn_repo\org\junit\platform\junit-platform-commons\1.8.2\junit-platform-commons-1.8.2.jar;D:\develop\apache-maven-3.6.1\mvn_repo\org\apiguardian\apiguardian-api\1.1.2\apiguardian-api-1.1.2.jar;D:\develop\apache-maven-3.6.1\mvn_repo\org\junit\jupiter\junit-jupiter-params\5.8.2\junit-jupiter-params-5.8.2.jar;D:\develop\apache-maven-3.6.1\mvn_repo\org\junit\jupiter\junit-jupiter-engine\5.8.2\junit-jupiter-engine-5.8.2.jar;D:\develop\apache-maven-3.6.1\mvn_repo\org\junit\platform\junit-platform-engine\1.8.2\junit-platform-engine-1.8.2.jar;D:\develop\apache-maven-3.6.1\mvn_repo\org\mockito\mockito-core\4.5.1\mockito-core-4.5.1.jar;D:\develop\apache-maven-3.6.1\mvn_repo\net\bytebuddy\byte-buddy\1.12.23\byte-buddy-1.12.23.jar;D:\develop\apache-maven-3.6.1\mvn_repo\net\bytebuddy\byte-buddy-agent\1.12.23\byte-buddy-agent-1.12.23.jar;D:\develop\apache-maven-3.6.1\mvn_repo\org\objenesis\objenesis\3.2\objenesis-3.2.jar;D:\develop\apache-maven-3.6.1\mvn_repo\org\mockito\mockito-junit-jupiter\4.5.1\mockito-junit-jupiter-4.5.1.jar;D:\develop\apache-maven-3.6.1\mvn_repo\org\skyscreamer\jsonassert\1.5.1\jsonassert-1.5.1.jar;D:\develop\apache-maven-3.6.1\mvn_repo\com\vaadin\external\google\android-json\0.0.20131108.vaadin1\android-json-0.0.20131108.vaadin1.jar;D:\develop\apache-maven-3.6.1\mvn_repo\org\springframework\spring-core\5.3.27\spring-core-5.3.27.jar;D:\develop\apache-maven-3.6.1\mvn_repo\org\springframework\spring-jcl\5.3.27\spring-jcl-5.3.27.jar;D:\develop\apache-maven-3.6.1\mvn_repo\org\springframework\spring-test\5.3.27\spring-test-5.3.27.jar;D:\develop\apache-maven-3.6.1\mvn_repo\org\xmlunit\xmlunit-core\2.9.1\xmlunit-core-2.9.1.jar;D:\develop\apache-maven-3.6.1\mvn_repo\com\baomidou\mybatis-plus-boot-starter\3.4.2\mybatis-plus-boot-starter-3.4.2.jar;D:\develop\apache-maven-3.6.1\mvn_repo\com\baomidou\mybatis-plus\3.4.2\mybatis-plus-3.4.2.jar;D:\develop\apache-maven-3.6.1\mvn_repo\com\baomidou\mybatis-plus-extension\3.4.2\mybatis-plus-extension-3.4.2.jar;D:\develop\apache-maven-3.6.1\mvn_repo\com\baomidou\mybatis-plus-core\3.4.2\mybatis-plus-core-3.4.2.jar;D:\develop\apache-maven-3.6.1\mvn_repo\com\baomidou\mybatis-plus-annotation\3.4.2\mybatis-plus-annotation-3.4.2.jar;D:\develop\apache-maven-3.6.1\mvn_repo\com\github\jsqlparser\jsqlparser\4.0\jsqlparser-4.0.jar;D:\develop\apache-maven-3.6.1\mvn_repo\org\mybatis\mybatis\3.5.6\mybatis-3.5.6.jar;D:\develop\apache-maven-3.6.1\mvn_repo\org\mybatis\mybatis-spring\2.0.5\mybatis-spring-2.0.5.jar;D:\develop\apache-maven-3.6.1\mvn_repo\org\springframework\boot\spring-boot-starter-jdbc\2.7.11\spring-boot-starter-jdbc-2.7.11.jar;D:\develop\apache-maven-3.6.1\mvn_repo\com\zaxxer\HikariCP\4.0.3\HikariCP-4.0.3.jar;D:\develop\apache-maven-3.6.1\mvn_repo\org\springframework\spring-jdbc\5.3.27\spring-jdbc-5.3.27.jar;D:\develop\apache-maven-3.6.1\mvn_repo\com\alibaba\fastjson\1.2.76\fastjson-1.2.76.jar;D:\develop\apache-maven-3.6.1\mvn_repo\org\springframework\boot\spring-boot-starter-data-redis\2.7.11\spring-boot-starter-data-redis-2.7.11.jar;D:\develop\apache-maven-3.6.1\mvn_repo\org\springframework\data\spring-data-redis\2.7.11\spring-data-redis-2.7.11.jar;D:\develop\apache-maven-3.6.1\mvn_repo\org\springframework\data\spring-data-keyvalue\2.7.11\spring-data-keyvalue-2.7.11.jar;D:\develop\apache-maven-3.6.1\mvn_repo\org\springframework\spring-tx\5.3.27\spring-tx-5.3.27.jar;D:\develop\apache-maven-3.6.1\mvn_repo\org\springframework\spring-oxm\5.3.27\spring-oxm-5.3.27.jar;D:\develop\apache-maven-3.6.1\mvn_repo\org\springframework\spring-context-support\5.3.27\spring-context-support-5.3.27.jar;D:\develop\apache-maven-3.6.1\mvn_repo\io\lettuce\lettuce-core\6.1.10.RELEASE\lettuce-core-6.1.10.RELEASE.jar;D:\develop\apache-maven-3.6.1\mvn_repo\io\netty\netty-common\4.1.91.Final\netty-common-4.1.91.Final.jar;D:\develop\apache-maven-3.6.1\mvn_repo\io\netty\netty-handler\4.1.91.Final\netty-handler-4.1.91.Final.jar;D:\develop\apache-maven-3.6.1\mvn_repo\io\netty\netty-resolver\4.1.91.Final\netty-resolver-4.1.91.Final.jar;D:\develop\apache-maven-3.6.1\mvn_repo\io\netty\netty-buffer\4.1.91.Final\netty-buffer-4.1.91.Final.jar;D:\develop\apache-maven-3.6.1\mvn_repo\io\netty\netty-transport-native-unix-common\4.1.91.Final\netty-transport-native-unix-common-4.1.91.Final.jar;D:\develop\apache-maven-3.6.1\mvn_repo\io\netty\netty-codec\4.1.91.Final\netty-codec-4.1.91.Final.jar;D:\develop\apache-maven-3.6.1\mvn_repo\io\netty\netty-transport\4.1.91.Final\netty-transport-4.1.91.Final.jar;D:\develop\apache-maven-3.6.1\mvn_repo\io\projectreactor\reactor-core\3.4.29\reactor-core-3.4.29.jar;D:\develop\apache-maven-3.6.1\mvn_repo\org\reactivestreams\reactive-streams\1.0.4\reactive-streams-1.0.4.jar;D:\develop\apache-maven-3.6.1\mvn_repo\org\springframework\boot\spring-boot-starter-data-jpa\2.7.11\spring-boot-starter-data-jpa-2.7.11.jar;D:\develop\apache-maven-3.6.1\mvn_repo\org\springframework\boot\spring-boot-starter-aop\2.7.11\spring-boot-starter-aop-2.7.11.jar;D:\develop\apache-maven-3.6.1\mvn_repo\org\aspectj\aspectjweaver\1.9.7\aspectjweaver-1.9.7.jar;D:\develop\apache-maven-3.6.1\mvn_repo\jakarta\transaction\jakarta.transaction-api\1.3.3\jakarta.transaction-api-1.3.3.jar;D:\develop\apache-maven-3.6.1\mvn_repo\jakarta\persistence\jakarta.persistence-api\2.2.3\jakarta.persistence-api-2.2.3.jar;D:\develop\apache-maven-3.6.1\mvn_repo\org\hibernate\hibernate-core\5.6.15.Final\hibernate-core-5.6.15.Final.jar;D:\develop\apache-maven-3.6.1\mvn_repo\org\jboss\logging\jboss-logging\3.4.3.Final\jboss-logging-3.4.3.Final.jar;D:\develop\apache-maven-3.6.1\mvn_repo\antlr\antlr\2.7.7\antlr-2.7.7.jar;D:\develop\apache-maven-3.6.1\mvn_repo\org\jboss\jandex\2.4.2.Final\jandex-2.4.2.Final.jar;D:\develop\apache-maven-3.6.1\mvn_repo\com\fasterxml\classmate\1.5.1\classmate-1.5.1.jar;D:\develop\apache-maven-3.6.1\mvn_repo\org\hibernate\common\hibernate-commons-annotations\5.1.2.Final\hibernate-commons-annotations-5.1.2.Final.jar;D:\develop\apache-maven-3.6.1\mvn_repo\org\glassfish\jaxb\jaxb-runtime\2.3.8\jaxb-runtime-2.3.8.jar;D:\develop\apache-maven-3.6.1\mvn_repo\org\glassfish\jaxb\txw2\2.3.8\txw2-2.3.8.jar;D:\develop\apache-maven-3.6.1\mvn_repo\com\sun\istack\istack-commons-runtime\3.0.12\istack-commons-runtime-3.0.12.jar;D:\develop\apache-maven-3.6.1\mvn_repo\com\sun\activation\jakarta.activation\1.2.2\jakarta.activation-1.2.2.jar;D:\develop\apache-maven-3.6.1\mvn_repo\org\springframework\data\spring-data-jpa\2.7.11\spring-data-jpa-2.7.11.jar;D:\develop\apache-maven-3.6.1\mvn_repo\org\springframework\data\spring-data-commons\2.7.11\spring-data-commons-2.7.11.jar;D:\develop\apache-maven-3.6.1\mvn_repo\org\springframework\spring-orm\5.3.27\spring-orm-5.3.27.jar;D:\develop\apache-maven-3.6.1\mvn_repo\org\springframework\spring-aspects\5.3.27\spring-aspects-5.3.27.jar;D:\develop\apache-maven-3.6.1\mvn_repo\com\aliyun\aliyun-java-sdk-core\4.5.16\aliyun-java-sdk-core-4.5.16.jar;D:\develop\apache-maven-3.6.1\mvn_repo\com\google\code\gson\gson\2.9.1\gson-2.9.1.jar;D:\develop\apache-maven-3.6.1\mvn_repo\org\apache\httpcomponents\httpclient\4.5.14\httpclient-4.5.14.jar;D:\develop\apache-maven-3.6.1\mvn_repo\commons-codec\commons-codec\1.15\commons-codec-1.15.jar;D:\develop\apache-maven-3.6.1\mvn_repo\org\apache\httpcomponents\httpcore\4.4.16\httpcore-4.4.16.jar;D:\develop\apache-maven-3.6.1\mvn_repo\commons-logging\commons-logging\1.2\commons-logging-1.2.jar;D:\develop\apache-maven-3.6.1\mvn_repo\javax\xml\bind\jaxb-api\2.3.1\jaxb-api-2.3.1.jar;D:\develop\apache-maven-3.6.1\mvn_repo\javax\activation\javax.activation-api\1.2.0\javax.activation-api-1.2.0.jar;D:\develop\apache-maven-3.6.1\mvn_repo\org\jacoco\org.jacoco.agent\0.8.6\org.jacoco.agent-0.8.6-runtime.jar;D:\develop\apache-maven-3.6.1\mvn_repo\org\ini4j\ini4j\0.5.4\ini4j-0.5.4.jar;D:\develop\apache-maven-3.6.1\mvn_repo\io\opentracing\opentracing-api\0.33.0\opentracing-api-0.33.0.jar;D:\develop\apache-maven-3.6.1\mvn_repo\io\opentracing\opentracing-util\0.33.0\opentracing-util-0.33.0.jar;D:\develop\apache-maven-3.6.1\mvn_repo\io\opentracing\opentracing-noop\0.33.0\opentracing-noop-0.33.0.jar;D:\develop\apache-maven-3.6.1\mvn_repo\com\aliyun\aliyun-java-sdk-dysmsapi\2.1.0\aliyun-java-sdk-dysmsapi-2.1.0.jar;D:\develop\apache-maven-3.6.1\mvn_repo\commons-lang\commons-lang\2.6\commons-lang-2.6.jar;D:\develop\apache-maven-3.6.1\mvn_repo\io\jsonwebtoken\jjwt\0.9.0\jjwt-0.9.0.jar;D:\develop\apache-maven-3.6.1\mvn_repo\com\fasterxml\jackson\core\jackson-databind\2.13.5\jackson-databind-2.13.5.jar;D:\develop\apache-maven-3.6.1\mvn_repo\com\fasterxml\jackson\core\jackson-annotations\2.13.5\jackson-annotations-2.13.5.jar;D:\develop\apache-maven-3.6.1\mvn_repo\com\fasterxml\jackson\core\jackson-core\2.13.5\jackson-core-2.13.5.jar;D:\develop\apache-maven-3.6.1\mvn_repo\org\apache\tomcat\embed\tomcat-embed-jasper\9.0.74\tomcat-embed-jasper-9.0.74.jar;D:\develop\apache-maven-3.6.1\mvn_repo\org\apache\tomcat\embed\tomcat-embed-core\9.0.74\tomcat-embed-core-9.0.74.jar;D:\develop\apache-maven-3.6.1\mvn_repo\org\apache\tomcat\tomcat-annotations-api\9.0.74\tomcat-annotations-api-9.0.74.jar;D:\develop\apache-maven-3.6.1\mvn_repo\org\apache\tomcat\embed\tomcat-embed-el\9.0.74\tomcat-embed-el-9.0.74.jar;D:\develop\apache-maven-3.6.1\mvn_repo\org\eclipse\jdt\ecj\3.26.0\ecj-3.26.0.jar;D:\develop\apache-maven-3.6.1\mvn_repo\javax\servlet\jstl\1.2\jstl-1.2.jar;"/>
    <property name="sun.cpu.endian" value="little"/>
    <property name="user.home" value="C:\Users\He yu fan"/>
    <property name="user.language" value="zh"/>
    <property name="java.specification.vendor" value="Oracle Corporation"/>
    <property name="java.version.date" value="2022-07-19"/>
    <property name="java.home" value="C:\Program Files\Java\jdk-18.0.2"/>
    <property name="file.separator" value="\"/>
    <property name="basedir" value="D:\ideaProject\human--resource--management"/>
    <property name="java.vm.compressedOopsMode" value="Zero based"/>
    <property name="line.separator" value="&#10;"/>
    <property name="java.vm.specification.vendor" value="Oracle Corporation"/>
    <property name="java.specification.name" value="Java Platform API Specification"/>
    <property name="surefire.real.class.path" value="C:\Users\HEYUFA~1\AppData\Local\Temp\surefire10634017657150779073\surefirebooter9805058468726913674.jar"/>
    <property name="user.script" value=""/>
    <property name="sun.management.compiler" value="HotSpot 64-Bit Tiered Compilers"/>
    <property name="java.runtime.version" value="18.0.2+9-61"/>
    <property name="user.name" value="He yu fan"/>
    <property name="path.separator" value=";"/>
    <property name="os.version" value="10.0"/>
    <property name="java.runtime.name" value="Java(TM) SE Runtime Environment"/>
    <property name="file.encoding" value="UTF-8"/>
    <property name="java.vm.name" value="Java HotSpot(TM) 64-Bit Server VM"/>
    <property name="localRepository" value="D:\develop\apache-maven-3.6.1\mvn_repo"/>
    <property name="java.vendor.url.bug" value="https://bugreport.java.com/bugreport/"/>
    <property name="java.io.tmpdir" value="C:\Users\HEYUFA~1\AppData\Local\Temp\"/>
    <property name="idea.version" value="2023.1.3"/>
    <property name="java.version" value="18.0.2"/>
    <property name="user.dir" value="D:\ideaProject\human--resource--management"/>
    <property name="os.arch" value="amd64"/>
    <property name="java.vm.specification.name" value="Java Virtual Machine Specification"/>
    <property name="sun.os.patch.level" value=""/>
    <property name="native.encoding" value="GBK"/>
    <property name="java.library.path" value="C:\Program Files\Java\jdk-18.0.2\bin;C:\Windows\Sun\Java\bin;C:\Windows\system32;C:\Windows;D:\Program Files\Microsoft MPI\Bin\;D:\Program Files\CUDA11.3\bin;D:\Program Files\CUDA11.3\libnvvp;D:\Program Files (x86)\VMware\VMware Workstation\bin\;D:\develop\jdk11\bin;C:\Program Files (x86)\Tencent\QQ\Bin;D:\develop\NodeJs\;D:\develop\apache-maven-3.6.1\bin;D:\develop\mysql-8.0.31-winx64\bin;C:\Program Files (x86)\Microsoft SQL Server\160\Tools\Binn\;C:\Program Files\Microsoft SQL Server\160\Tools\Binn\;C:\Program Files\Microsoft SQL Server\Client SDK\ODBC\170\Tools\Binn\;C:\Program Files\Microsoft SQL Server\160\DTS\Binn\;D:\MySQL\MySQL Server 8.0\bin;D:\RationalRose\common;C:\Program Files\NVIDIA Corporation\Nsight Compute 2021.1.0\;D:\Program Files\Git\cmd;C:\Users\He yu fan\AppData\Local\Programs\Python\Python39\Scripts\;C:\Users\He yu fan\AppData\Local\Programs\Python\Python39\;D:\Anaconda;D:\Anaconda\Library\mingw-w64\bin;D:\Anaconda\Library\usr\bin;D:\Anaconda\Library\bin;D:\Anaconda\Scripts;D:\MySQL\MySQL Shell 8.0\bin\;C:\Users\He yu fan\AppData\Local\Microsoft\WindowsApps;D:\develop\VS Code\Microsoft VS Code\bin;C:\Users\He yu fan\AppData\Roaming\npm;D:\ProgramData\CUDA11.4;D:\Program Files\CUDA11.4\bin;D:\Program Files\CUDA11.4\libnvvp;D:\Program Files (x86)\Microsoft Visual Studio\2019\Community\VC\Tools\MSVC\14.29.30133\bin\Hostx64\x64;."/>
    <property name="java.vm.info" value="mixed mode, sharing"/>
    <property name="java.vendor" value="Oracle Corporation"/>
    <property name="java.vm.version" value="18.0.2+9-61"/>
    <property name="sun.io.unicode.encoding" value="UnicodeLittle"/>
    <property name="java.class.version" value="62.0"/>
  </properties>
  <testcase name="contextLoads" classname="com.example.SsmApplicationTests" time="0.2"/>
</testsuite>